2021-11-25  9:15:47 0 [Note] InnoDB: Mutexes and rw_locks use Windows interlocked functions
2021-11-25  9:15:47 0 [Note] InnoDB: Uses event mutexes
2021-11-25  9:15:47 0 [Note] InnoDB: Compressed tables use zlib 1.2.11
2021-11-25  9:15:47 0 [Note] InnoDB: Number of pools: 1
2021-11-25  9:15:47 0 [Note] InnoDB: Using SSE2 crc32 instructions
2021-11-25  9:15:47 0 [Note] InnoDB: Initializing buffer pool, total size = 16M, instances = 1, chunk size = 16M
2021-11-25  9:15:47 0 [Note] InnoDB: Completed initialization of buffer pool
2021-11-25  9:15:47 0 [Note] InnoDB: Starting crash recovery from checkpoint LSN=300288
2021-11-25  9:15:47 0 [Note] InnoDB: 128 out of 128 rollback segments are active.
2021-11-25  9:15:47 0 [Note] InnoDB: Removed temporary tablespace data file: "ibtmp1"
2021-11-25  9:15:47 0 [Note] InnoDB: Creating shared tablespace for temporary tables
2021-11-25  9:15:47 0 [Note] InnoDB: Setting file 'D:\XAMPP\mysql\data\ibtmp1' size to 12 MB. Physically writing the file full; Please wait ...
2021-11-25  9:15:47 0 [Note] InnoDB: File 'D:\XAMPP\mysql\data\ibtmp1' size is now 12 MB.
2021-11-25  9:15:47 0 [Note] InnoDB: Waiting for purge to start
2021-11-25  9:15:47 0 [Note] InnoDB: 10.4.21 started; log sequence number 300297; transaction id 170
2021-11-25  9:15:47 0 [Note] Plugin 'FEEDBACK' is disabled.
2021-11-25  9:15:47 0 [Note] InnoDB: Loading buffer pool(s) from D:\XAMPP\mysql\data\ib_buffer_pool
2021-11-25  9:15:47 0 [Note] InnoDB: Buffer pool(s) load completed at 211125  9:15:47
2021-11-25  9:15:47 0 [Note] Server socket created on IP: '::'.
2021-11-25 10:11:16 0 [Note] InnoDB: Mutexes and rw_locks use Windows interlocked functions
2021-11-25 10:11:16 0 [Note] InnoDB: Uses event mutexes
2021-11-25 10:11:16 0 [Note] InnoDB: Compressed tables use zlib 1.2.11
2021-11-25 10:11:16 0 [Note] InnoDB: Number of pools: 1
2021-11-25 10:11:16 0 [Note] InnoDB: Using SSE2 crc32 instructions
2021-11-25 10:11:16 0 [Note] InnoDB: Initializing buffer pool, total size = 16M, instances = 1, chunk size = 16M
2021-11-25 10:11:16 0 [Note] InnoDB: Completed initialization of buffer pool
2021-11-25 10:11:17 0 [Note] InnoDB: Starting crash recovery from checkpoint LSN=308300
2021-11-25 10:11:18 0 [Note] InnoDB: 128 out of 128 rollback segments are active.
2021-11-25 10:11:18 0 [Note] InnoDB: Removed temporary tablespace data file: "ibtmp1"
2021-11-25 10:11:18 0 [Note] InnoDB: Creating shared tablespace for temporary tables
2021-11-25 10:11:18 0 [Note] InnoDB: Setting file 'D:\XAMPP\mysql\data\ibtmp1' size to 12 MB. Physically writing the file full; Please wait ...
2021-11-25 10:11:18 0 [Note] InnoDB: File 'D:\XAMPP\mysql\data\ibtmp1' size is now 12 MB.
2021-11-25 10:11:18 0 [Note] InnoDB: Waiting for purge to start
2021-11-25 10:11:18 0 [Note] InnoDB: 10.4.21 started; log sequence number 308309; transaction id 202
2021-11-25 10:11:18 0 [Note] Plugin 'FEEDBACK' is disabled.
2021-11-25 10:11:18 0 [Note] InnoDB: Loading buffer pool(s) from D:\XAMPP\mysql\data\ib_buffer_pool
2021-11-25 10:11:18 0 [Note] Server socket created on IP: '::'.
2021-11-29 13:18:25 0 [Note] InnoDB: Mutexes and rw_locks use Windows interlocked functions
2021-11-29 13:18:25 0 [Note] InnoDB: Uses event mutexes
2021-11-29 13:18:25 0 [Note] InnoDB: Compressed tables use zlib 1.2.11
2021-11-29 13:18:25 0 [Note] InnoDB: Number of pools: 1
2021-11-29 13:18:25 0 [Note] InnoDB: Using SSE2 crc32 instructions
2021-11-29 13:18:25 0 [Note] InnoDB: Initializing buffer pool, total size = 16M, instances = 1, chunk size = 16M
2021-11-29 13:18:25 0 [Note] InnoDB: Completed initialization of buffer pool
2021-11-29 13:18:25 0 [Note] InnoDB: Starting crash recovery from checkpoint LSN=1233554
2021-11-29 13:18:26 0 [Note] InnoDB: 128 out of 128 rollback segments are active.
2021-11-29 13:18:26 0 [Note] InnoDB: Removed temporary tablespace data file: "ibtmp1"
2021-11-29 13:18:26 0 [Note] InnoDB: Creating shared tablespace for temporary tables
2021-11-29 13:18:26 0 [Note] InnoDB: Setting file 'D:\XAMPP\mysql\data\ibtmp1' size to 12 MB. Physically writing the file full; Please wait ...
2021-11-29 13:18:26 0 [Note] InnoDB: File 'D:\XAMPP\mysql\data\ibtmp1' size is now 12 MB.
2021-11-29 13:18:26 0 [Note] InnoDB: Waiting for purge to start
2021-11-29 13:18:26 0 [Note] InnoDB: 10.4.21 started; log sequence number 1233563; transaction id 558
2021-11-29 13:18:26 0 [Note] Plugin 'FEEDBACK' is disabled.
2021-11-29 13:18:26 0 [Note] InnoDB: Loading buffer pool(s) from D:\XAMPP\mysql\data\ib_buffer_pool
2021-11-29 13:18:26 0 [Note] InnoDB: Buffer pool(s) load completed at 211129 13:18:26
2021-11-29 13:18:26 0 [Note] Server socket created on IP: '::'.
2021-11-29 13:29:58 0 [Note] InnoDB: Mutexes and rw_locks use Windows interlocked functions
2021-11-29 13:29:58 0 [Note] InnoDB: Uses event mutexes
2021-11-29 13:29:58 0 [Note] InnoDB: Compressed tables use zlib 1.2.11
2021-11-29 13:29:58 0 [Note] InnoDB: Number of pools: 1
2021-11-29 13:29:58 0 [Note] InnoDB: Using SSE2 crc32 instructions
2021-11-29 13:29:58 0 [Note] InnoDB: Initializing buffer pool, total size = 16M, instances = 1, chunk size = 16M
2021-11-29 13:29:58 0 [Note] InnoDB: Completed initialization of buffer pool
2021-11-29 13:29:58 0 [Note] InnoDB: Starting crash recovery from checkpoint LSN=1236068
2021-11-29 13:29:58 0 [Note] InnoDB: 128 out of 128 rollback segments are active.
2021-11-29 13:29:58 0 [Note] InnoDB: Removed temporary tablespace data file: "ibtmp1"
2021-11-29 13:29:58 0 [Note] InnoDB: Creating shared tablespace for temporary tables
2021-11-29 13:29:58 0 [Note] InnoDB: Setting file 'D:\XAMPP\mysql\data\ibtmp1' size to 12 MB. Physically writing the file full; Please wait ...
2021-11-29 13:29:58 0 [Note] InnoDB: File 'D:\XAMPP\mysql\data\ibtmp1' size is now 12 MB.
2021-11-29 13:29:58 0 [Note] InnoDB: Waiting for purge to start
2021-11-29 13:29:59 0 [Note] InnoDB: 10.4.21 started; log sequence number 1236077; transaction id 584
2021-11-29 13:29:59 0 [Note] Plugin 'FEEDBACK' is disabled.
2021-11-29 13:29:59 0 [Note] InnoDB: Loading buffer pool(s) from D:\XAMPP\mysql\data\ib_buffer_pool
2021-11-29 13:29:59 0 [Note] Server socket created on IP: '::'.
2021-11-29 13:31:20 0 [Note] InnoDB: Mutexes and rw_locks use Windows interlocked functions
2021-11-29 13:31:20 0 [Note] InnoDB: Uses event mutexes
2021-11-29 13:31:20 0 [Note] InnoDB: Compressed tables use zlib 1.2.11
2021-11-29 13:31:20 0 [Note] InnoDB: Number of pools: 1
2021-11-29 13:31:20 0 [Note] InnoDB: Using SSE2 crc32 instructions
2021-11-29 13:31:20 0 [Note] InnoDB: Initializing buffer pool, total size = 16M, instances = 1, chunk size = 16M
2021-11-29 13:31:20 0 [Note] InnoDB: Completed initialization of buffer pool
2021-11-29 13:31:20 0 [Note] InnoDB: Starting crash recovery from checkpoint LSN=1236086
2021-11-29 13:31:20 0 [Note] InnoDB: 128 out of 128 rollback segments are active.
2021-11-29 13:31:20 0 [Note] InnoDB: Removed temporary tablespace data file: "ibtmp1"
2021-11-29 13:31:20 0 [Note] InnoDB: Creating shared tablespace for temporary tables
2021-11-29 13:31:20 0 [Note] InnoDB: Setting file 'D:\XAMPP\mysql\data\ibtmp1' size to 12 MB. Physically writing the file full; Please wait ...
2021-11-29 13:31:20 0 [Note] InnoDB: File 'D:\XAMPP\mysql\data\ibtmp1' size is now 12 MB.
2021-11-29 13:31:20 0 [Note] InnoDB: Waiting for purge to start
2021-11-29 13:31:20 0 [Note] InnoDB: 10.4.21 started; log sequence number 1236095; transaction id 584
2021-11-29 13:31:20 0 [Note] Plugin 'FEEDBACK' is disabled.
2021-11-29 13:31:20 0 [Note] InnoDB: Loading buffer pool(s) from D:\XAMPP\mysql\data\ib_buffer_pool
2021-11-29 13:31:20 0 [Note] Server socket created on IP: '::'.
2021-11-30 14:09:14 0 [Note] mysqld.exe: Aria engine: starting recovery
recovered pages: 0% 100% (0.0 seconds); tables to flush: 1 0
 (0.1 seconds); 
2021-11-30 14:09:14 0 [Note] mysqld.exe: Aria engine: recovery done
2021-11-30 14:09:14 0 [Note] InnoDB: Mutexes and rw_locks use Windows interlocked functions
2021-11-30 14:09:14 0 [Note] InnoDB: Uses event mutexes
2021-11-30 14:09:14 0 [Note] InnoDB: Compressed tables use zlib 1.2.11
2021-11-30 14:09:14 0 [Note] InnoDB: Number of pools: 1
2021-11-30 14:09:14 0 [Note] InnoDB: Using SSE2 crc32 instructions
2021-11-30 14:09:14 0 [Note] InnoDB: Initializing buffer pool, total size = 16M, instances = 1, chunk size = 16M
2021-11-30 14:09:14 0 [Note] InnoDB: Completed initialization of buffer pool
2021-11-30 14:09:14 0 [Note] InnoDB: Starting crash recovery from checkpoint LSN=1236240
2021-11-30 14:09:15 0 [Note] InnoDB: 128 out of 128 rollback segments are active.
2021-11-30 14:09:15 0 [Note] InnoDB: Removed temporary tablespace data file: "ibtmp1"
2021-11-30 14:09:15 0 [Note] InnoDB: Creating shared tablespace for temporary tables
2021-11-30 14:09:15 0 [Note] InnoDB: Setting file 'D:\XAMPP\mysql\data\ibtmp1' size to 12 MB. Physically writing the file full; Please wait ...
2021-11-30 14:09:15 0 [Note] InnoDB: File 'D:\XAMPP\mysql\data\ibtmp1' size is now 12 MB.
2021-11-30 14:09:15 0 [Note] InnoDB: Waiting for purge to start
2021-11-30 14:09:16 0 [Note] InnoDB: 10.4.21 started; log sequence number 1236249; transaction id 584
2021-11-30 14:09:16 0 [Note] Plugin 'FEEDBACK' is disabled.
2021-11-30 14:09:16 0 [Note] InnoDB: Loading buffer pool(s) from D:\XAMPP\mysql\data\ib_buffer_pool
2021-11-30 14:09:16 0 [Note] InnoDB: Buffer pool(s) load completed at 211130 14:09:16
2021-11-30 14:09:16 0 [Note] Server socket created on IP: '::'.
2021-11-30 15:07:35 0 [Note] InnoDB: Mutexes and rw_locks use Windows interlocked functions
2021-11-30 15:07:35 0 [Note] InnoDB: Uses event mutexes
2021-11-30 15:07:35 0 [Note] InnoDB: Compressed tables use zlib 1.2.11
2021-11-30 15:07:35 0 [Note] InnoDB: Number of pools: 1
2021-11-30 15:07:35 0 [Note] InnoDB: Using SSE2 crc32 instructions
2021-11-30 15:07:35 0 [Note] InnoDB: Initializing buffer pool, total size = 16M, instances = 1, chunk size = 16M
2021-11-30 15:07:35 0 [Note] InnoDB: Completed initialization of buffer pool
2021-11-30 15:07:35 0 [Note] InnoDB: 128 out of 128 rollback segments are active.
2021-11-30 15:07:35 0 [Note] InnoDB: Creating shared tablespace for temporary tables
2021-11-30 15:07:35 0 [Note] InnoDB: Setting file 'D:\XAMPP\mysql\data\ibtmp1' size to 12 MB. Physically writing the file full; Please wait ...
2021-11-30 15:07:35 0 [Note] InnoDB: File 'D:\XAMPP\mysql\data\ibtmp1' size is now 12 MB.
2021-11-30 15:07:35 0 [Note] InnoDB: Waiting for purge to start
2021-11-30 15:07:36 0 [Note] InnoDB: 10.4.21 started; log sequence number 1237629; transaction id 601
2021-11-30 15:07:36 0 [Note] InnoDB: Loading buffer pool(s) from D:\XAMPP\mysql\data\ib_buffer_pool
2021-11-30 15:07:36 0 [Note] Plugin 'FEEDBACK' is disabled.
2021-11-30 15:07:36 0 [Note] InnoDB: Buffer pool(s) load completed at 211130 15:07:36
2021-11-30 15:07:36 0 [Note] Server socket created on IP: '::'.
2021-11-30 15:14:58 0 [Note] InnoDB: The first innodb_system data file 'ibdata1' did not exist. A new tablespace will be created!
2021-11-30 15:14:58 0 [Note] InnoDB: Mutexes and rw_locks use Windows interlocked functions
2021-11-30 15:14:58 0 [Note] InnoDB: Uses event mutexes
2021-11-30 15:14:58 0 [Note] InnoDB: Compressed tables use zlib 1.2.11
2021-11-30 15:14:58 0 [Note] InnoDB: Number of pools: 1
2021-11-30 15:14:58 0 [Note] InnoDB: Using SSE2 crc32 instructions
2021-11-30 15:14:58 0 [Note] InnoDB: Initializing buffer pool, total size = 16M, instances = 1, chunk size = 16M
2021-11-30 15:14:58 0 [Note] InnoDB: Completed initialization of buffer pool
2021-11-30 15:14:58 0 [ERROR] InnoDB: Operating system error number 3 in a file operation.
2021-11-30 15:14:58 0 [ERROR] InnoDB: The error means the system cannot find the path specified.
2021-11-30 15:14:58 0 [ERROR] InnoDB: If you are installing InnoDB, remember that you must create directories yourself, InnoDB does not create them.
2021-11-30 15:14:58 0 [ERROR] InnoDB: File D:\XAMPP\mysql\data\ibdata1: 'create' returned OS error 203. Cannot continue operation
211130 15:14:58 [ERROR] mysqld got exception 0x80000003 ;
This could be because you hit a bug. It is also possible that this binary
or one of the libraries it was linked against is corrupt, improperly built,
or misconfigured. This error can also be caused by malfunctioning hardware.

To report this bug, see https://mariadb.com/kb/en/reporting-bugs

We will try our best to scrape up some info that will hopefully help
diagnose the problem, but since we have already crashed, 
something is definitely wrong and this may fail.

Server version: 10.4.21-MariaDB
key_buffer_size=16777216
read_buffer_size=262144
max_used_connections=0
max_threads=65537
thread_count=0
It is possible that mysqld could use up to 
key_buffer_size + (read_buffer_size + sort_buffer_size)*max_threads = 20294 K  bytes of memory
Hope that's ok; if not, decrease some variables in the equation.

Thread pointer: 0x0
Attempting backtrace. You can use the following information to find out
where mysqld died. If you see no messages after this, something went
terribly wrong...
mysqld.exe!my_parameter_handler()
ucrtbase.dll!raise()
ucrtbase.dll!abort()
mysqld.exe!?_Assign_grow@?$_Hash_vec@V?$allocator@V?$_List_unchecked_iterator@V?$_List_val@U?$_List_simple_types@U?$pair@QEAU_iobuf@@PEAX@std@@@std@@@std@@@std@@@std@@@std@@QEAAX_KV?$_List_unchecked_iterator@V?$_List_val@U?$_List_simple_types@U?$pair@QEAU_iobuf@@PEAX@std@@@std@@@std@@@2@@Z()
mysqld.exe!?_Assign_grow@?$_Hash_vec@V?$allocator@V?$_List_unchecked_iterator@V?$_List_val@U?$_List_simple_types@U?$pair@QEAU_iobuf@@PEAX@std@@@std@@@std@@@std@@@std@@@std@@QEAAX_KV?$_List_unchecked_iterator@V?$_List_val@U?$_List_simple_types@U?$pair@QEAU_iobuf@@PEAX@std@@@std@@@std@@@2@@Z()
mysqld.exe!pthread_dummy()
mysqld.exe!?assign@?$basic_string@DU?$char_traits@D@std@@V?$allocator@D@2@@std@@QEAAAEAV12@QEBD_K@Z()
mysqld.exe!?assign@?$basic_string@DU?$char_traits@D@std@@V?$allocator@D@2@@std@@QEAAAEAV12@QEBD_K@Z()
mysqld.exe!?assign@?$basic_string@DU?$char_traits@D@std@@V?$allocator@D@2@@std@@QEAAAEAV12@QEBD_K@Z()
mysqld.exe!parse_user()
mysqld.exe!?ha_initialize_handlerton@@YAHPEAUst_plugin_int@@@Z()
mysqld.exe!?plugin_init@@YAHPEAHPEAPEADH@Z()
mysqld.exe!?plugin_init@@YAHPEAHPEAPEADH@Z()
mysqld.exe!?init_net_server_extension@@YAXPEAVTHD@@@Z()
mysqld.exe!?win_main@@YAHHPEAPEAD@Z()
mysqld.exe!?mysql_service@@YAXPEAX@Z()
mysqld.exe!?mysqld_main@@YAHHPEAPEAD@Z()
mysqld.exe!strxnmov()
KERNEL32.DLL!BaseThreadInitThunk()
ntdll.dll!RtlUserThreadStart()
The manual page at https://mariadb.com/kb/en/how-to-produce-a-full-stack-trace-for-mysqld/ contains
information that should help you find out what is causing the crash.
Writing a core file at D:\XAMPP\htdocs\Sale\gameDatabase\
Minidump written to D:\XAMPP\htdocs\Sale\gameDatabase\mysqld.dmp
2021-11-30 15:18:12 0 [Note] InnoDB: Mutexes and rw_locks use Windows interlocked functions
2021-11-30 15:18:12 0 [Note] InnoDB: Uses event mutexes
2021-11-30 15:18:12 0 [Note] InnoDB: Compressed tables use zlib 1.2.11
2021-11-30 15:18:12 0 [Note] InnoDB: Number of pools: 1
2021-11-30 15:18:12 0 [Note] InnoDB: Using SSE2 crc32 instructions
2021-11-30 15:18:12 0 [Note] InnoDB: Initializing buffer pool, total size = 16M, instances = 1, chunk size = 16M
2021-11-30 15:18:12 0 [Note] InnoDB: Completed initialization of buffer pool
2021-11-30 15:18:12 0 [Note] InnoDB: Starting crash recovery from checkpoint LSN=1238273
2021-11-30 15:18:12 0 [Note] InnoDB: 128 out of 128 rollback segments are active.
2021-11-30 15:18:12 0 [Note] InnoDB: Removed temporary tablespace data file: "ibtmp1"
2021-11-30 15:18:12 0 [Note] InnoDB: Creating shared tablespace for temporary tables
2021-11-30 15:18:12 0 [Note] InnoDB: Setting file 'D:\XAMPP\htdocs\Sale\gameDatabase\ibtmp1' size to 12 MB. Physically writing the file full; Please wait ...
2021-11-30 15:18:12 0 [Note] InnoDB: File 'D:\XAMPP\htdocs\Sale\gameDatabase\ibtmp1' size is now 12 MB.
2021-11-30 15:18:12 0 [Note] InnoDB: Waiting for purge to start
2021-11-30 15:18:12 0 [Note] InnoDB: 10.4.21 started; log sequence number 1238282; transaction id 616
2021-11-30 15:18:12 0 [Note] Plugin 'FEEDBACK' is disabled.
2021-11-30 15:18:12 0 [Note] InnoDB: Loading buffer pool(s) from D:\XAMPP\htdocs\Sale\gameDatabase\ib_buffer_pool
2021-11-30 15:18:13 0 [Note] InnoDB: Buffer pool(s) load completed at 211130 15:18:13
2021-11-30 15:18:13 0 [Note] Server socket created on IP: '::'.
